Determining if the function sgemm_ exists failed with the following output:
Change Dir: /home/porro/imsrg/src/build_preset/intel/CMakeFiles/CMakeTmp

Run Build Command(s):/opt/rh/gcc-toolset-10/root/usr/bin/gmake -f Makefile cmTC_9ba29/fast && /opt/rh/gcc-toolset-10/root/usr/bin/gmake  -f CMakeFiles/cmTC_9ba29.dir/build.make CMakeFiles/cmTC_9ba29.dir/build
gmake[1]: Entering directory '/home/porro/imsrg/src/build_preset/intel/CMakeFiles/CMakeTmp'
Building C object CMakeFiles/cmTC_9ba29.dir/CheckFunctionExists.c.o
/opt/intel/bin/icc   -no-multibyte-chars -DCHECK_FUNCTION_EXISTS=sgemm_ -MD -MT CMakeFiles/cmTC_9ba29.dir/CheckFunctionExists.c.o -MF CMakeFiles/cmTC_9ba29.dir/CheckFunctionExists.c.o.d -o CMakeFiles/cmTC_9ba29.dir/CheckFunctionExists.c.o -c /usr/share/cmake/Modules/CheckFunctionExists.c
Linking C executable cmTC_9ba29
/usr/bin/cmake -E cmake_link_script CMakeFiles/cmTC_9ba29.dir/link.txt --verbose=1
/opt/intel/bin/icc -no-multibyte-chars -DCHECK_FUNCTION_EXISTS=sgemm_ CMakeFiles/cmTC_9ba29.dir/CheckFunctionExists.c.o -o cmTC_9ba29 
ld: CMakeFiles/cmTC_9ba29.dir/CheckFunctionExists.c.o: in function `main':
CheckFunctionExists.c:(.text+0x30): undefined reference to `sgemm_'
gmake[1]: *** [CMakeFiles/cmTC_9ba29.dir/build.make:100: cmTC_9ba29] Error 1
gmake[1]: Leaving directory '/home/porro/imsrg/src/build_preset/intel/CMakeFiles/CMakeTmp'
gmake: *** [Makefile:127: cmTC_9ba29/fast] Error 2



Performing C SOURCE FILE Test CMAKE_HAVE_LIBC_PTHREAD failed with the following output:
Change Dir: /home/porro/imsrg/src/build_preset/intel/CMakeFiles/CMakeTmp

Run Build Command(s):/opt/rh/gcc-toolset-10/root/usr/bin/gmake -f Makefile cmTC_bbbf5/fast && /opt/rh/gcc-toolset-10/root/usr/bin/gmake  -f CMakeFiles/cmTC_bbbf5.dir/build.make CMakeFiles/cmTC_bbbf5.dir/build
gmake[1]: Entering directory '/home/porro/imsrg/src/build_preset/intel/CMakeFiles/CMakeTmp'
Building C object CMakeFiles/cmTC_bbbf5.dir/src.c.o
/opt/intel/bin/icc -DCMAKE_HAVE_LIBC_PTHREAD  -no-multibyte-chars  -MD -MT CMakeFiles/cmTC_bbbf5.dir/src.c.o -MF CMakeFiles/cmTC_bbbf5.dir/src.c.o.d -o CMakeFiles/cmTC_bbbf5.dir/src.c.o -c /home/porro/imsrg/src/build_preset/intel/CMakeFiles/CMakeTmp/src.c
Linking C executable cmTC_bbbf5
/usr/bin/cmake -E cmake_link_script CMakeFiles/cmTC_bbbf5.dir/link.txt --verbose=1
/opt/intel/bin/icc -no-multibyte-chars  CMakeFiles/cmTC_bbbf5.dir/src.c.o -o cmTC_bbbf5 
ld: CMakeFiles/cmTC_bbbf5.dir/src.c.o: in function `main':
src.c:(.text+0x39): undefined reference to `pthread_create'
ld: src.c:(.text+0x42): undefined reference to `pthread_detach'
ld: src.c:(.text+0x4b): undefined reference to `pthread_cancel'
ld: src.c:(.text+0x56): undefined reference to `pthread_join'
gmake[1]: *** [CMakeFiles/cmTC_bbbf5.dir/build.make:100: cmTC_bbbf5] Error 1
gmake[1]: Leaving directory '/home/porro/imsrg/src/build_preset/intel/CMakeFiles/CMakeTmp'
gmake: *** [Makefile:127: cmTC_bbbf5/fast] Error 2


Source file was:
#include <pthread.h>

static void* test_func(void* data)
{
  return data;
}

int main(void)
{
  pthread_t thread;
  pthread_create(&thread, NULL, test_func, NULL);
  pthread_detach(thread);
  pthread_cancel(thread);
  pthread_join(thread, NULL);
  pthread_atfork(NULL, NULL, NULL);
  pthread_exit(NULL);

  return 0;
}

Determining if the function pthread_create exists in the pthreads failed with the following output:
Change Dir: /home/porro/imsrg/src/build_preset/intel/CMakeFiles/CMakeTmp

Run Build Command(s):/opt/rh/gcc-toolset-10/root/usr/bin/gmake -f Makefile cmTC_c59bf/fast && /opt/rh/gcc-toolset-10/root/usr/bin/gmake  -f CMakeFiles/cmTC_c59bf.dir/build.make CMakeFiles/cmTC_c59bf.dir/build
gmake[1]: Entering directory '/home/porro/imsrg/src/build_preset/intel/CMakeFiles/CMakeTmp'
Building C object CMakeFiles/cmTC_c59bf.dir/CheckFunctionExists.c.o
/opt/intel/bin/icc   -no-multibyte-chars -DCHECK_FUNCTION_EXISTS=pthread_create -MD -MT CMakeFiles/cmTC_c59bf.dir/CheckFunctionExists.c.o -MF CMakeFiles/cmTC_c59bf.dir/CheckFunctionExists.c.o.d -o CMakeFiles/cmTC_c59bf.dir/CheckFunctionExists.c.o -c /usr/share/cmake/Modules/CheckFunctionExists.c
Linking C executable cmTC_c59bf
/usr/bin/cmake -E cmake_link_script CMakeFiles/cmTC_c59bf.dir/link.txt --verbose=1
/opt/intel/bin/icc -no-multibyte-chars -DCHECK_FUNCTION_EXISTS=pthread_create CMakeFiles/cmTC_c59bf.dir/CheckFunctionExists.c.o -o cmTC_c59bf  -lpthreads 
ld: cannot find -lpthreads
gmake[1]: *** [CMakeFiles/cmTC_c59bf.dir/build.make:100: cmTC_c59bf] Error 1
gmake[1]: Leaving directory '/home/porro/imsrg/src/build_preset/intel/CMakeFiles/CMakeTmp'
gmake: *** [Makefile:127: cmTC_c59bf/fast] Error 2



